================ PARAMETERS ================
DOMAIN:
-- [Lx, Ly, Lz] = [4, 8, 8]
-- [Nx, Ny, Nz] = [16, 2, 2]
PHYSICS:
-- E0 = 25000
-- nu = 0.3
-- g = [0, 0, -9.81]
IT:
--maxit = 500
--rtol = 1e-05
--atol = 0

Building the mesh internally... Lx = 4, -Lx = 18446744073709551612
done.

BEGIN POINTS LIST

  POINT COUNT 153
  POINT  0  -2  0  0
  POINT  1  -1.75  0  0
  POINT  2  -2  4  0
  POINT  3  -1.75  4  0
  POINT  4  -2  0  4
  POINT  5  -1.75  0  4
  POINT  6  -2  4  4
  POINT  7  -1.75  4  4
  POINT  8  -1.5  0  0
  POINT  9  -1.5  4  0
  POINT  10  -1.5  0  4
  POINT  11  -1.5  4  4
  POINT  12  -1.25  0  0
  POINT  13  -1.25  4  0
  POINT  14  -1.25  0  4
  POINT  15  -1.25  4  4
  POINT  16  -1  0  0
  POINT  17  -1  4  0
  POINT  18  -1  0  4
  POINT  19  -1  4  4
  POINT  20  -0.75  0  0
  POINT  21  -0.75  4  0
  POINT  22  -0.75  0  4
  POINT  23  -0.75  4  4
  POINT  24  -0.5  0  0
  POINT  25  -0.5  4  0
  POINT  26  -0.5  0  4
  POINT  27  -0.5  4  4
  POINT  28  -0.25  0  0
  POINT  29  -0.25  4  0
  POINT  30  -0.25  0  4
  POINT  31  -0.25  4  4
  POINT  32  0  0  0
  POINT  33  0  4  0
  POINT  34  0  0  4
  POINT  35  0  4  4
  POINT  36  0.25  0  0
  POINT  37  0.25  4  0
  POINT  38  0.25  0  4
  POINT  39  0.25  4  4
  POINT  40  0.5  0  0
  POINT  41  0.5  4  0
  POINT  42  0.5  0  4
  POINT  43  0.5  4  4
  POINT  44  0.75  0  0
  POINT  45  0.75  4  0
  POINT  46  0.75  0  4
  POINT  47  0.75  4  4
  POINT  48  1  0  0
  POINT  49  1  4  0
  POINT  50  1  0  4
  POINT  51  1  4  4
  POINT  52  1.25  0  0
  POINT  53  1.25  4  0
  POINT  54  1.25  0  4
  POINT  55  1.25  4  4
  POINT  56  1.5  0  0
  POINT  57  1.5  4  0
  POINT  58  1.5  0  4
  POINT  59  1.5  4  4
  POINT  60  1.75  0  0
  POINT  61  1.75  4  0
  POINT  62  1.75  0  4
  POINT  63  1.75  4  4
  POINT  64  2  0  0
  POINT  65  2  4  0
  POINT  66  2  0  4
  POINT  67  2  4  4
  POINT  68  -2  8  0
  POINT  69  -1.75  8  0
  POINT  70  -2  8  4
  POINT  71  -1.75  8  4
  POINT  72  -1.5  8  0
  POINT  73  -1.5  8  4
  POINT  74  -1.25  8  0
  POINT  75  -1.25  8  4
  POINT  76  -1  8  0
  POINT  77  -1  8  4
  POINT  78  -0.75  8  0
  POINT  79  -0.75  8  4
  POINT  80  -0.5  8  0
  POINT  81  -0.5  8  4
  POINT  82  -0.25  8  0
  POINT  83  -0.25  8  4
  POINT  84  0  8  0
  POINT  85  0  8  4
  POINT  86  0.25  8  0
  POINT  87  0.25  8  4
  POINT  88  0.5  8  0
  POINT  89  0.5  8  4
  POINT  90  0.75  8  0
  POINT  91  0.75  8  4
  POINT  92  1  8  0
  POINT  93  1  8  4
  POINT  94  1.25  8  0
  POINT  95  1.25  8  4
  POINT  96  1.5  8  0
  POINT  97  1.5  8  4
  POINT  98  1.75  8  0
  POINT  99  1.75  8  4
  POINT  100  2  8  0
  POINT  101  2  8  4
  POINT  102  -2  0  8
  POINT  103  -1.75  0  8
  POINT  104  -2  4  8
  POINT  105  -1.75  4  8
  POINT  106  -1.5  0  8
  POINT  107  -1.5  4  8
  POINT  108  -1.25  0  8
  POINT  109  -1.25  4  8
  POINT  110  -1  0  8
  POINT  111  -1  4  8
  POINT  112  -0.75  0  8
  POINT  113  -0.75  4  8
  POINT  114  -0.5  0  8
  POINT  115  -0.5  4  8
  POINT  116  -0.25  0  8
  POINT  117  -0.25  4  8
  POINT  118  0  0  8
  POINT  119  0  4  8
  POINT  120  0.25  0  8
  POINT  121  0.25  4  8
  POINT  122  0.5  0  8
  POINT  123  0.5  4  8
  POINT  124  0.75  0  8
  POINT  125  0.75  4  8
  POINT  126  1  0  8
  POINT  127  1  4  8
  POINT  128  1.25  0  8
  POINT  129  1.25  4  8
  POINT  130  1.5  0  8
  POINT  131  1.5  4  8
  POINT  132  1.75  0  8
  POINT  133  1.75  4  8
  POINT  134  2  0  8
  POINT  135  2  4  8
  POINT  136  -2  8  8
  POINT  137  -1.75  8  8
  POINT  138  -1.5  8  8
  POINT  139  -1.25  8  8
  POINT  140  -1  8  8
  POINT  141  -0.75  8  8
  POINT  142  -0.5  8  8
  POINT  143  -0.25  8  8
  POINT  144  0  8  8
  POINT  145  0.25  8  8
  POINT  146  0.5  8  8
  POINT  147  0.75  8  8
  POINT  148  1  8  8
  POINT  149  1.25  8  8
  POINT  150  1.5  8  8
  POINT  151  1.75  8  8
  POINT  152  2  8  8

END POINTS LIST



BEGIN MESH STRUCTURE DESCRIPTION

  CONVEX COUNT 64
  CONVEX 0    'GT_QK(3,1)'      0  1  2  3  4  5  6  7
  CONVEX 1    'GT_QK(3,1)'      1  8  3  9  5  10  7  11
  CONVEX 2    'GT_QK(3,1)'      8  12  9  13  10  14  11  15
  CONVEX 3    'GT_QK(3,1)'      12  16  13  17  14  18  15  19
  CONVEX 4    'GT_QK(3,1)'      16  20  17  21  18  22  19  23
  CONVEX 5    'GT_QK(3,1)'      20  24  21  25  22  26  23  27
  CONVEX 6    'GT_QK(3,1)'      24  28  25  29  26  30  27  31
  CONVEX 7    'GT_QK(3,1)'      28  32  29  33  30  34  31  35
  CONVEX 8    'GT_QK(3,1)'      32  36  33  37  34  38  35  39
  CONVEX 9    'GT_QK(3,1)'      36  40  37  41  38  42  39  43
  CONVEX 10    'GT_QK(3,1)'      40  44  41  45  42  46  43  47
  CONVEX 11    'GT_QK(3,1)'      44  48  45  49  46  50  47  51
  CONVEX 12    'GT_QK(3,1)'      48  52  49  53  50  54  51  55
  CONVEX 13    'GT_QK(3,1)'      52  56  53  57  54  58  55  59
  CONVEX 14    'GT_QK(3,1)'      56  60  57  61  58  62  59  63
  CONVEX 15    'GT_QK(3,1)'      60  64  61  65  62  66  63  67
  CONVEX 16    'GT_QK(3,1)'      2  3  68  69  6  7  70  71
  CONVEX 17    'GT_QK(3,1)'      3  9  69  72  7  11  71  73
  CONVEX 18    'GT_QK(3,1)'      9  13  72  74  11  15  73  75
  CONVEX 19    'GT_QK(3,1)'      13  17  74  76  15  19  75  77
  CONVEX 20    'GT_QK(3,1)'      17  21  76  78  19  23  77  79
  CONVEX 21    'GT_QK(3,1)'      21  25  78  80  23  27  79  81
  CONVEX 22    'GT_QK(3,1)'      25  29  80  82  27  31  81  83
  CONVEX 23    'GT_QK(3,1)'      29  33  82  84  31  35  83  85
  CONVEX 24    'GT_QK(3,1)'      33  37  84  86  35  39  85  87
  CONVEX 25    'GT_QK(3,1)'      37  41  86  88  39  43  87  89
  CONVEX 26    'GT_QK(3,1)'      41  45  88  90  43  47  89  91
  CONVEX 27    'GT_QK(3,1)'      45  49  90  92  47  51  91  93
  CONVEX 28    'GT_QK(3,1)'      49  53  92  94  51  55  93  95
  CONVEX 29    'GT_QK(3,1)'      53  57  94  96  55  59  95  97
  CONVEX 30    'GT_QK(3,1)'      57  61  96  98  59  63  97  99
  CONVEX 31    'GT_QK(3,1)'      61  65  98  100  63  67  99  101
  CONVEX 32    'GT_QK(3,1)'      4  5  6  7  102  103  104  105
  CONVEX 33    'GT_QK(3,1)'      5  10  7  11  103  106  105  107
  CONVEX 34    'GT_QK(3,1)'      10  14  11  15  106  108  107  109
  CONVEX 35    'GT_QK(3,1)'      14  18  15  19  108  110  109  111
  CONVEX 36    'GT_QK(3,1)'      18  22  19  23  110  112  111  113
  CONVEX 37    'GT_QK(3,1)'      22  26  23  27  112  114  113  115
  CONVEX 38    'GT_QK(3,1)'      26  30  27  31  114  116  115  117
  CONVEX 39    'GT_QK(3,1)'      30  34  31  35  116  118  117  119
  CONVEX 40    'GT_QK(3,1)'      34  38  35  39  118  120  119  121
  CONVEX 41    'GT_QK(3,1)'      38  42  39  43  120  122  121  123
  CONVEX 42    'GT_QK(3,1)'      42  46  43  47  122  124  123  125
  CONVEX 43    'GT_QK(3,1)'      46  50  47  51  124  126  125  127
  CONVEX 44    'GT_QK(3,1)'      50  54  51  55  126  128  127  129
  CONVEX 45    'GT_QK(3,1)'      54  58  55  59  128  130  129  131
  CONVEX 46    'GT_QK(3,1)'      58  62  59  63  130  132  131  133
  CONVEX 47    'GT_QK(3,1)'      62  66  63  67  132  134  133  135
  CONVEX 48    'GT_QK(3,1)'      6  7  70  71  104  105  136  137
  CONVEX 49    'GT_QK(3,1)'      7  11  71  73  105  107  137  138
  CONVEX 50    'GT_QK(3,1)'      11  15  73  75  107  109  138  139
  CONVEX 51    'GT_QK(3,1)'      15  19  75  77  109  111  139  140
  CONVEX 52    'GT_QK(3,1)'      19  23  77  79  111  113  140  141
  CONVEX 53    'GT_QK(3,1)'      23  27  79  81  113  115  141  142
  CONVEX 54    'GT_QK(3,1)'      27  31  81  83  115  117  142  143
  CONVEX 55    'GT_QK(3,1)'      31  35  83  85  117  119  143  144
  CONVEX 56    'GT_QK(3,1)'      35  39  85  87  119  121  144  145
  CONVEX 57    'GT_QK(3,1)'      39  43  87  89  121  123  145  146
  CONVEX 58    'GT_QK(3,1)'      43  47  89  91  123  125  146  147
  CONVEX 59    'GT_QK(3,1)'      47  51  91  93  125  127  147  148
  CONVEX 60    'GT_QK(3,1)'      51  55  93  95  127  129  148  149
  CONVEX 61    'GT_QK(3,1)'      55  59  95  97  129  131  149  150
  CONVEX 62    'GT_QK(3,1)'      59  63  97  99  131  133  150  151
  CONVEX 63    'GT_QK(3,1)'      63  67  99  101  133  135  151  152

END MESH STRUCTURE DESCRIPTION

Creating bulk and fault regions... Adding an element in Fault convexList
Adding an element in Fault convexList
Adding an element in Fault convexList
Adding an element in Fault convexList
Adding an element in Fault convexList
Adding an element in Fault convexList
Adding an element in Fault convexList
Adding an element in Fault convexList
Adding an element in Fault convexList
Adding an element in Fault convexList
Adding an element in Fault convexList
Adding an element in Fault convexList
Adding an element in Fault convexList
Adding an element in Fault convexList
Adding an element in Fault convexList
Adding an element in Fault convexList
Adding an element in Fault convexList
Adding an element in Fault convexList
Adding an element in Fault convexList
Adding an element in Fault convexList
Adding an element in Fault convexList
Adding an element in Fault convexList
Adding an element in Fault convexList
Adding an element in Fault convexList
Adding an element in Fault convexList
Adding an element in Fault convexList
Adding an element in Fault convexList
Adding an element in Fault convexList
Adding an element in Fault convexList
Adding an element in Fault convexList
Adding an element in Fault convexList
Adding an element in Fault convexList
done.
Region Information:
Region [0 1 2 3 4 5 6 7 16 17 18 19 20 21 22 23 32 33 34 35 36 37 38 39 48 49 50 51 52 53 54 55] size: 32
Name BulkLeft
Number of convexes in region: 32
Region [0 1 2 3 4 5 6 7 16 17 18 19 20 21 22 23 32 33 34 35 36 37 38 39 48 49 50 51 52 53 54 55] contains only faces: 0
Region [0 1 2 3 4 5 6 7 16 17 18 19 20 21 22 23 32 33 34 35 36 37 38 39 48 49 50 51 52 53 54 55] contains only convexes: 1
Convexes in region BulkLeft: 0 1 2 3 4 5 6 7 16 17 18 19 20 21 22 23 32 33 34 35 36 37 38 39 48 49 50 51 52 53 54 55 
Region [8 9 10 11 12 13 14 15 24 25 26 27 28 29 30 31 40 41 42 43 44 45 46 47 56 57 58 59 60 61 62 63] size: 32
Name BulkRight
Number of convexes in region: 32
Region [8 9 10 11 12 13 14 15 24 25 26 27 28 29 30 31 40 41 42 43 44 45 46 47 56 57 58 59 60 61 62 63] contains only faces: 0
Region [8 9 10 11 12 13 14 15 24 25 26 27 28 29 30 31 40 41 42 43 44 45 46 47 56 57 58 59 60 61 62 63] contains only convexes: 1
Convexes in region BulkRight: 8 9 10 11 12 13 14 15 24 25 26 27 28 29 30 31 40 41 42 43 44 45 46 47 56 57 58 59 60 61 62 63 
Region [0] size: 1
Name Fault
Number of convexes in region: 1
Region [0] contains only faces: 0
Region [0] contains only convexes: 1
Convexes in region Fault: 0 
